<?xml version="1.0" encoding="UTF-8"?>
<testsuite name="HelloWorldTest" tests="1" skipped="0" failures="0" errors="0" timestamp="2019-05-10T11:52:13" hostname="digital0717" time="0.017">
  <properties/>
  <testcase name="helloWorldTest" classname="HelloWorldTest" time="0.017"/>
  <system-out><![CDATA[]]></system-out>
  <system-err><![CDATA[]]></system-err>
</testsuite>
