<?xml version="1.0" encoding="UTF-8"?>
<testsuite name="RobotTest" tests="5" skipped="0" failures="0" errors="0" timestamp="2019-05-14T07:52:13" hostname="digital0717" time="0.497">
  <properties/>
  <testcase name="robotRemembersItsName" classname="RobotTest" time="0.01"/>
  <testcase name="isRandom" classname="RobotTest" time="0.485"/>
  <testcase name="differentRobotsHaveDifferentNames" classname="RobotTest" time="0.0"/>
  <testcase name="hasName" classname="RobotTest" time="0.001"/>
  <testcase name="resetName" classname="RobotTest" time="0.0"/>
  <system-out><![CDATA[]]></system-out>
  <system-err><![CDATA[]]></system-err>
</testsuite>
