<?xml version="1.0" encoding="UTF-8"?>
<testsuite name="GameOfLifeTest" tests="1" skipped="0" failures="0" errors="0" timestamp="2019-05-16T18:25:22" hostname="digital0717" time="0.016">
  <properties/>
  <testcase name="helloWorldTest" classname="GameOfLifeTest" time="0.016"/>
  <system-out><![CDATA[]]></system-out>
  <system-err><![CDATA[]]></system-err>
</testsuite>
